<?xml version="1.0" encoding="UTF-8"?>
<!-- Generated by org.testng.reporters.JUnitReportReporter -->
<testsuite hostname="noredeMacBook-Pro.local" name="com.zhiyinlou.apps.testcase.login.LoginTcs" tests="1" failures="0" timestamp="8 Apr 2019 06:23:38 GMT" time="19.822" errors="0">
  <testcase name="test" time="19.822" classname="com.zhiyinlou.apps.testcase.login.LoginTcs"/>
</testsuite> <!-- com.zhiyinlou.apps.testcase.login.LoginTcs -->
